2013-05-16 16:01:56,198 POST Data (teamdrivemaster.teamdrive.net):
-----BEGIN PBPG MESSAGE-----
Version: 1.0
Key-Code: 1#

dmVyc2lvbj0xLjAvREgtMjU2L0FFUy0yNTYNCmtleS1jb2RlPTEjDQpwdWJsaWMta2V5PUFXbTZx
ZHEvRFJzMFhKQ3B5cG9Rak9HZmszbWRRcUdDWG9JL0tMT1RYaTQ9DQoNCgEA6YsOG72RJlY3GNhQ
dMIgfSHawrkrKLO/vWpUUjvSg+e9aNoCeyJ2mH2/LR0SpE1w1AXu7qmQCkN4yBNIOPL9dllq+eFc
AFYjOs+ahGrw9jW/iMSZDyUEp6d0ljYj71xStnEkdTYZJpSbES7D+VKyNlwsw/8FE07abWT1/Obb
pL3SoV7t0U31xYPKD7+6eiDhmTx4L4b0HrIm/X0vuk+XscrTzv9BPjeuq+z18mkKZZhTe4uY5zCy
wsY/Vw6VlVi5wSxSZoTJzkZXYGn+fOnH2+eHbUaBoBMx+euI65ZS4QX2X7DWhLEV24tunZPL3dXL
yLIPZbeRWdaMlbyXMMhHd5gC7WbtkE6uG7UnldwrXqT3P34b9yDlQ+QswdCmki+zNDmI5kIEkCEG
LKC7SxEgsqf+20PD5Af3asVXhe4S1xa4kYszxtozj7C7WNtI2pxPOEUtyef6h4LNXMEfnAOGkozN
KZIoo6Uwdmg3/9N5ALxL0hd1nB0a5XfNK4+OgIXsM68ikGBFNxIeDRSYscpAELJ8DgqvxrvKgOEW
noLaVzYGDW6blrNkNLAZDrxelewEqb9OjTRV7a66ioeN93aSKazmaMBChwzMCx4kSnN1MJ5nS2c5
x6Mj6hT7UfDyepZFXx638QEuwREpCOZfzuz4NLAn1D7RUEMHPk/Hw7uIF+QfHDWB2tONNK0yjtv8
K2ZiKqUcM5ohW6TKmQuwGdn39lPbRVewW9SIlCLXxiEe1CCu6aOBHcK1AW381J4=
-----END PBPG MESSAGE-----

2013-05-16 16:02:04,147 POST Data (ilias.learnonline.ch):
buddylist=1&initialize=0&currenttime=0&timestamp=3230&typingto=0&blh=40cd750bba9870f18aada2478b24840a&status=
2013-05-16 16:02:17,148 POST Data (ilias.learnonline.ch):
buddylist=1&initialize=0&currenttime=0&timestamp=3230&typingto=0&blh=40cd750bba9870f18aada2478b24840a&status=
2013-05-16 16:02:30,152 POST Data (ilias.learnonline.ch):
buddylist=1&initialize=0&currenttime=0&timestamp=3230&typingto=0&blh=40cd750bba9870f18aada2478b24840a&status=
2013-05-16 16:03:35,159 POST Data (ilias.learnonline.ch):
buddylist=1&initialize=0&currenttime=0&timestamp=3230&typingto=0&blh=40cd750bba9870f18aada2478b24840a&status=
2013-05-16 16:03:48,157 POST Data (ilias.learnonline.ch):
buddylist=1&initialize=0&currenttime=0&timestamp=3230&typingto=0&blh=40cd750bba9870f18aada2478b24840a&status=
2013-05-16 16:04:01,159 POST Data (ilias.learnonline.ch):
buddylist=1&initialize=0&currenttime=0&timestamp=3230&typingto=0&blh=40cd750bba9870f18aada2478b24840a&status=
